[2025-08-25 20:13:19.062] [info] [PID:8705] [CoroutineServer.h:40] Task get_return_object.
[2025-08-25 20:13:19.062] [info] [PID:8705] [CoroutineServer.h:79] Task contruction function.
[2025-08-25 20:13:19.062] [info] [PID:8705] [CoroutineServer.h:45] Task initial_suspend.
[2025-08-25 20:13:19.062] [info] [PID:8705] [CoroutineServer.h:40] Task get_return_object.
[2025-08-25 20:13:19.062] [info] [PID:8705] [CoroutineServer.h:79] Task contruction function.
[2025-08-25 20:13:19.062] [info] [PID:8705] [CoroutineServer.h:45] Task initial_suspend.
[2025-08-25 20:13:19.062] [info] [PID:8705] [CoroutineServer.cc:78] start accept loop coroutine
[2025-08-25 20:13:19.062] [info] [PID:8705] [CoroutineServer.h:263] OnReadable await_ready.
[2025-08-25 20:13:19.062] [info] [PID:8705] [CoroutineServer.h:267] OnReadable await_suspend.
[2025-08-25 20:13:19.062] [info] [PID:8705] [CoroutineServer.h:97] Task move equality construction function.
[2025-08-25 20:13:19.062] [info] [PID:8705] [CoroutineServer.h:83] Task deconstruction function.
[2025-08-25 20:13:19.062] [info] [PID:8705] [CoroutineServer.cc:73] Server started on port 9999
[2025-08-25 20:13:19.062] [info] [PID:8705] [CoroutineServer.h:19] promise non-void return value.
[2025-08-25 20:13:19.062] [info] [PID:8705] [CoroutineServer.h:66] Task final_suspend.
[2025-08-25 20:13:19.062] [info] [PID:8705] [CoroutineServer.h:51] Task FinalAwaiter await_ready.
[2025-08-25 20:13:19.062] [info] [PID:8705] [CoroutineServer.h:55] Task FinalAwaiter await_suspend.
[2025-08-25 20:13:19.062] [info] [PID:8705] [CoroutineServer.h:137] Task get value function.
[2025-08-25 20:13:24.925] [info] [PID:8705] [CoroutineServer.h:271] OnReadable await_resume.
[2025-08-25 20:13:24.926] [info] [PID:8705] [CoroutineServer.cc:92] accept client ip[127.0.0.1:53268] connect.
[2025-08-25 20:13:24.926] [info] [PID:8705] [CoroutineServer.h:40] Task get_return_object.
[2025-08-25 20:13:24.926] [info] [PID:8705] [CoroutineServer.h:79] Task contruction function.
[2025-08-25 20:13:24.926] [info] [PID:8705] [CoroutineServer.h:45] Task initial_suspend.
[2025-08-25 20:13:24.926] [info] [PID:8705] [CoroutineServer.h:40] Task get_return_object.
[2025-08-25 20:13:24.926] [info] [PID:8705] [CoroutineServer.h:79] Task contruction function.
[2025-08-25 20:13:24.926] [info] [PID:8705] [CoroutineServer.h:45] Task initial_suspend.
[2025-08-25 20:13:24.926] [info] [PID:8705] [CoroutineServer.h:263] OnReadable await_ready.
[2025-08-25 20:13:24.926] [info] [PID:8705] [CoroutineServer.h:267] OnReadable await_suspend.
[2025-08-25 20:13:24.926] [info] [PID:8705] [CoroutineServer.h:108] Task Awaiter await_ready.
[2025-08-25 20:13:24.926] [info] [PID:8705] [CoroutineServer.h:113] Task Awaiter await_suspend.
[2025-08-25 20:13:24.926] [info] [PID:8705] [CoroutineServer.h:93] Task move construction function.
[2025-08-25 20:13:24.926] [info] [PID:8705] [CoroutineServer.h:83] Task deconstruction function.
[2025-08-25 20:13:24.926] [info] [PID:8705] [CoroutineServer.cc:97] Failed to accept errno: 11, errmsg: Resource temporarily unavailable, ignore
[2025-08-25 20:13:24.926] [info] [PID:8705] [CoroutineServer.h:263] OnReadable await_ready.
[2025-08-25 20:13:24.926] [info] [PID:8705] [CoroutineServer.h:267] OnReadable await_suspend.
[2025-08-25 20:13:28.443] [info] [PID:8705] [CoroutineServer.h:271] OnReadable await_resume.
[2025-08-25 20:13:28.443] [info] [PID:8705] [CoroutineServer.cc:140] Succeed to read data len[17]
[2025-08-25 20:13:28.443] [info] [PID:8705] [CoroutineServer.h:19] promise non-void return value.
[2025-08-25 20:13:28.443] [info] [PID:8705] [CoroutineServer.h:66] Task final_suspend.
[2025-08-25 20:13:28.443] [info] [PID:8705] [CoroutineServer.h:51] Task FinalAwaiter await_ready.
[2025-08-25 20:13:28.443] [info] [PID:8705] [CoroutineServer.h:55] Task FinalAwaiter await_suspend.
[2025-08-25 20:13:28.443] [info] [PID:8705] [CoroutineServer.h:118] Task Awaiter await_resume.
[2025-08-25 20:13:28.443] [info] [PID:8705] [CoroutineServer.h:83] Task deconstruction function.
[2025-08-25 20:13:28.443] [info] [PID:8705] [CoroutineServer.h:40] Task get_return_object.
[2025-08-25 20:13:28.443] [info] [PID:8705] [CoroutineServer.h:79] Task contruction function.
[2025-08-25 20:13:28.443] [info] [PID:8705] [CoroutineServer.h:45] Task initial_suspend.
[2025-08-25 20:13:28.443] [info] [PID:8705] [CoroutineServer.cc:165] Succeed to write data len[4096]
[2025-08-25 20:13:28.443] [info] [PID:8705] [CoroutineServer.h:29] promise void return void.
[2025-08-25 20:13:28.443] [info] [PID:8705] [CoroutineServer.h:66] Task final_suspend.
[2025-08-25 20:13:28.443] [info] [PID:8705] [CoroutineServer.h:51] Task FinalAwaiter await_ready.
[2025-08-25 20:13:28.443] [info] [PID:8705] [CoroutineServer.h:55] Task FinalAwaiter await_suspend.
[2025-08-25 20:13:28.443] [info] [PID:8705] [CoroutineServer.h:108] Task Awaiter await_ready.
[2025-08-25 20:13:28.443] [info] [PID:8705] [CoroutineServer.h:118] Task Awaiter await_resume.
[2025-08-25 20:13:28.443] [info] [PID:8705] [CoroutineServer.h:83] Task deconstruction function.
[2025-08-25 20:13:28.443] [info] [PID:8705] [CoroutineServer.h:40] Task get_return_object.
[2025-08-25 20:13:28.443] [info] [PID:8705] [CoroutineServer.h:79] Task contruction function.
[2025-08-25 20:13:28.443] [info] [PID:8705] [CoroutineServer.h:45] Task initial_suspend.
[2025-08-25 20:13:28.443] [info] [PID:8705] [CoroutineServer.h:263] OnReadable await_ready.
[2025-08-25 20:13:28.443] [info] [PID:8705] [CoroutineServer.h:267] OnReadable await_suspend.
[2025-08-25 20:13:28.443] [info] [PID:8705] [CoroutineServer.h:108] Task Awaiter await_ready.
[2025-08-25 20:13:28.443] [info] [PID:8705] [CoroutineServer.h:113] Task Awaiter await_suspend.
[2025-08-25 20:13:44.348] [info] [PID:8705] [CoroutineServer.h:271] OnReadable await_resume.
[2025-08-25 20:13:44.349] [info] [PID:8705] [CoroutineServer.cc:140] Succeed to read data len[17]
[2025-08-25 20:13:44.349] [info] [PID:8705] [CoroutineServer.h:19] promise non-void return value.
[2025-08-25 20:13:44.349] [info] [PID:8705] [CoroutineServer.h:66] Task final_suspend.
[2025-08-25 20:13:44.349] [info] [PID:8705] [CoroutineServer.h:51] Task FinalAwaiter await_ready.
[2025-08-25 20:13:44.349] [info] [PID:8705] [CoroutineServer.h:55] Task FinalAwaiter await_suspend.
[2025-08-25 20:13:44.349] [info] [PID:8705] [CoroutineServer.h:118] Task Awaiter await_resume.
[2025-08-25 20:13:44.349] [info] [PID:8705] [CoroutineServer.h:83] Task deconstruction function.
[2025-08-25 20:13:44.349] [info] [PID:8705] [CoroutineServer.h:40] Task get_return_object.
[2025-08-25 20:13:44.349] [info] [PID:8705] [CoroutineServer.h:79] Task contruction function.
[2025-08-25 20:13:44.349] [info] [PID:8705] [CoroutineServer.h:45] Task initial_suspend.
[2025-08-25 20:13:44.349] [info] [PID:8705] [CoroutineServer.cc:165] Succeed to write data len[4096]
[2025-08-25 20:13:44.349] [info] [PID:8705] [CoroutineServer.h:29] promise void return void.
[2025-08-25 20:13:44.349] [info] [PID:8705] [CoroutineServer.h:66] Task final_suspend.
[2025-08-25 20:13:44.349] [info] [PID:8705] [CoroutineServer.h:51] Task FinalAwaiter await_ready.
[2025-08-25 20:13:44.349] [info] [PID:8705] [CoroutineServer.h:55] Task FinalAwaiter await_suspend.
[2025-08-25 20:13:44.349] [info] [PID:8705] [CoroutineServer.h:108] Task Awaiter await_ready.
[2025-08-25 20:13:44.349] [info] [PID:8705] [CoroutineServer.h:118] Task Awaiter await_resume.
[2025-08-25 20:13:44.349] [info] [PID:8705] [CoroutineServer.h:83] Task deconstruction function.
[2025-08-25 20:13:44.349] [info] [PID:8705] [CoroutineServer.h:40] Task get_return_object.
[2025-08-25 20:13:44.349] [info] [PID:8705] [CoroutineServer.h:79] Task contruction function.
[2025-08-25 20:13:44.349] [info] [PID:8705] [CoroutineServer.h:45] Task initial_suspend.
[2025-08-25 20:13:44.349] [info] [PID:8705] [CoroutineServer.h:263] OnReadable await_ready.
[2025-08-25 20:13:44.349] [info] [PID:8705] [CoroutineServer.h:267] OnReadable await_suspend.
[2025-08-25 20:13:44.349] [info] [PID:8705] [CoroutineServer.h:108] Task Awaiter await_ready.
[2025-08-25 20:13:44.349] [info] [PID:8705] [CoroutineServer.h:113] Task Awaiter await_suspend.
[2025-08-25 20:13:49.250] [info] [PID:8705] [CoroutineServer.h:271] OnReadable await_resume.
[2025-08-25 20:13:49.250] [info] [PID:8705] [CoroutineServer.h:19] promise non-void return value.
[2025-08-25 20:13:49.250] [info] [PID:8705] [CoroutineServer.h:66] Task final_suspend.
[2025-08-25 20:13:49.250] [info] [PID:8705] [CoroutineServer.h:51] Task FinalAwaiter await_ready.
[2025-08-25 20:13:49.250] [info] [PID:8705] [CoroutineServer.h:55] Task FinalAwaiter await_suspend.
[2025-08-25 20:13:49.250] [info] [PID:8705] [CoroutineServer.h:118] Task Awaiter await_resume.
[2025-08-25 20:13:49.250] [info] [PID:8705] [CoroutineServer.h:83] Task deconstruction function.
[2025-08-25 20:13:49.250] [info] [PID:8705] [CoroutineServer.h:29] promise void return void.
[2025-08-25 20:13:49.250] [info] [PID:8705] [CoroutineServer.h:66] Task final_suspend.
[2025-08-25 20:13:49.250] [info] [PID:8705] [CoroutineServer.h:51] Task FinalAwaiter await_ready.
[2025-08-25 20:13:49.250] [info] [PID:8705] [CoroutineServer.h:55] Task FinalAwaiter await_suspend.
